{
  "RSpec": {
    "coverage": {
      "/Users/apurvajain/Desktop/RUBY/Robot/lib/navigate.rb": [
        1,
        null
      ],
      "/Users/apurvajain/Desktop/RUBY/Robot/lib/navigate/robot.rb": [
        null,
        1,
        null,
        1,
        1,
        26,
        26,
        26,
        null,
        null,
        1,
        13,
        4,
        1,
        3,
        1,
        2,
        1,
        1,
        1,
        null,
        null,
        9,
        4,
        1,
        3,
        1,
        2,
        1,
        1,
        1,
        null,
        null,
        5,
        null,
        5,
        2,
        3,
        1,
        2,
        1,
        1,
        1,
        null,
        null,
        null,
        13,
        null,
        null,
        1,
        13,
        null,
        null,
        null,
        null
      ]
    },
    "timestamp": 1423115184
  }
}
