{
  "RSpec": {
    "coverage": {
      "/Users/apurvajain/Desktop/RUBY/Robot/lib/navigate.rb": [
        1,
        1,
        1,
        null
      ],
      "/Users/apurvajain/Desktop/RUBY/Robot/lib/navigate/robot.rb": [
        null,
        1,
        null,
        1,
        1,
        37,
        37,
        37,
        null,
        null,
        1,
        39,
        16,
        4,
        12,
        3,
        9,
        4,
        5,
        5,
        null,
        null,
        23,
        9,
        5,
        4,
        2,
        2,
        1,
        1,
        1,
        null,
        null,
        14,
        null,
        14,
        4,
        10,
        2,
        8,
        4,
        4,
        4,
        null,
        null,
        null,
        39,
        null,
        null,
        1,
        13,
        null,
        null,
        1,
        0,
        null,
        null,
        null
      ],
      "/Users/apurvajain/Desktop/RUBY/Robot/lib/navigate/application.rb": [
        null,
        1,
        null,
        1,
        1,
        null,
        null,
        1,
        null,
        0,
        null,
        null,
        0,
        0,
        0,
        0,
        0,
        0,
        null,
        null,
        1,
        1,
        1,
        1,
        null,
        null,
        null
      ],
      "/Users/apurvajain/Desktop/RUBY/Robot/lib/navigate/parser.rb": [
        null,
        1,
        null,
        1,
        10,
        10,
        10,
        10,
        null,
        10,
        10,
        46,
        26,
        26,
        null,
        10,
        null,
        null,
        null
      ],
      "/Users/apurvajain/Desktop/RUBY/Robot/spec/navigate/parser_spec.rb": [
        1,
        null,
        1,
        null,
        11,
        null,
        1,
        1,
        null,
        null,
        1,
        1,
        null,
        null,
        1,
        1,
        null,
        null,
        1,
        1,
        null,
        null,
        1,
        1,
        null,
        null,
        1,
        1,
        null,
        null,
        1,
        1,
        null,
        null,
        1,
        1,
        null,
        null,
        1,
        1,
        null,
        null,
        1,
        1,
        null,
        null,
        null
      ],
      "/Users/apurvajain/Desktop/RUBY/Robot/spec/navigate/robot_spec.rb": [
        1,
        null,
        1,
        null,
        5,
        4,
        4,
        4,
        null,
        1,
        1,
        null,
        null,
        1,
        1,
        null,
        null,
        1,
        1,
        null,
        null,
        1,
        1,
        null,
        null,
        1,
        1,
        null,
        null,
        1,
        1,
        null,
        null,
        1,
        1,
        null,
        null,
        1,
        1,
        null,
        null,
        1,
        1,
        null,
        null,
        1,
        1,
        null,
        null,
        1,
        1,
        null,
        null,
        1,
        1,
        null,
        null,
        1,
        1,
        null,
        null
      ]
    },
    "timestamp": 1423118524
  }
}
